execve("./stats", ["./stats", "/usr/bin/gcc"], 0x7ffd029d82d8 /* 27 vars */) = 0
brk(NULL)                               = 0x5ae2efaa6000
mmap(NULL, 8192, PROT_READ|PROT_WRITE, MAP_PRIVATE|MAP_ANONYMOUS, -1, 0) = 0x7d078648c000
access("/etc/ld.so.preload", R_OK)      = -1 ENOENT (No such file or directory)
openat(AT_FDCWD, "/etc/ld.so.cache", O_RDONLY|O_CLOEXEC) = 3
fstat(3, {st_mode=S_IFREG|0644, st_size=19799, ...}) = 0
mmap(NULL, 19799, PROT_READ, MAP_PRIVATE, 3, 0) = 0x7d0786487000
close(3)                                = 0
openat(AT_FDCWD, "/lib/x86_64-linux-gnu/libc.so.6", O_RDONLY|O_CLOEXEC) = 3
read(3, "\177ELF\2\1\1\3\0\0\0\0\0\0\0\0\3\0>\0\1\0\0\0\220\243\2\0\0\0\0\0"..., 832) = 832
pread64(3, "\6\0\0\0\4\0\0\0@\0\0\0\0\0\0\0@\0\0\0\0\0\0\0@\0\0\0\0\0\0\0"..., 784, 64) = 784
fstat(3, {st_mode=S_IFREG|0755, st_size=2125328, ...}) = 0
pread64(3, "\6\0\0\0\4\0\0\0@\0\0\0\0\0\0\0@\0\0\0\0\0\0\0@\0\0\0\0\0\0\0"..., 784, 64) = 784
mmap(NULL, 2170256, PROT_READ, MAP_PRIVATE|MAP_DENYWRITE, 3, 0) = 0x7d0786200000
mmap(0x7d0786228000, 1605632, PROT_READ|PROT_EXEC, MAP_PRIVATE|MAP_FIXED|MAP_DENYWRITE, 3, 0x28000) = 0x7d0786228000
mmap(0x7d07863b0000, 323584, PROT_READ, MAP_PRIVATE|MAP_FIXED|MAP_DENYWRITE, 3, 0x1b0000) = 0x7d07863b0000
mmap(0x7d07863ff000, 24576, PROT_READ|PROT_WRITE, MAP_PRIVATE|MAP_FIXED|MAP_DENYWRITE, 3, 0x1fe000) = 0x7d07863ff000
mmap(0x7d0786405000, 52624, PROT_READ|PROT_WRITE, MAP_PRIVATE|MAP_FIXED|MAP_ANONYMOUS, -1, 0) = 0x7d0786405000
close(3)                                = 0
mmap(NULL, 12288, PROT_READ|PROT_WRITE, MAP_PRIVATE|MAP_ANONYMOUS, -1, 0) = 0x7d0786484000
arch_prctl(ARCH_SET_FS, 0x7d0786484740) = 0
set_tid_address(0x7d0786484a10)         = 4685
set_robust_list(0x7d0786484a20, 24)     = 0
rseq(0x7d0786485060, 0x20, 0, 0x53053053) = 0
mprotect(0x7d07863ff000, 16384, PROT_READ) = 0
mprotect(0x5ae2beb13000, 4096, PROT_READ) = 0
mprotect(0x7d07864c4000, 8192, PROT_READ) = 0
prlimit64(0, RLIMIT_STACK, NULL, {rlim_cur=8192*1024, rlim_max=RLIM64_INFINITY}) = 0
munmap(0x7d0786487000, 19799)           = 0
getrandom("\xd5\x6c\x22\x05\x09\x0f\x40\x7c", 8, GRND_NONBLOCK) = 8
brk(NULL)                               = 0x5ae2efaa6000
brk(0x5ae2efac7000)                     = 0x5ae2efac7000
openat(AT_FDCWD, "/usr/bin/gcc", O_RDONLY) = 3
fstat(3, {st_mode=S_IFREG|0755, st_size=1023032, ...}) = 0
fstat(1, {st_mode=S_IFCHR|0620, st_rdev=makedev(0x88, 0), ...}) = 0
write(1, "/usr/bin/gcc is a regular file\n", 31) = 31
openat(AT_FDCWD, "/etc/localtime", O_RDONLY|O_CLOEXEC) = 4
fstat(4, {st_mode=S_IFREG|0644, st_size=246, ...}) = 0
fstat(4, {st_mode=S_IFREG|0644, st_size=246, ...}) = 0
read(4, "TZif2\0\0\0\0\0\0\0\0\0\0\0\0\0\0\0\0\0\0\0\0\0\0\0\0\0\0\0"..., 4096) = 246
lseek(4, -137, SEEK_CUR)                = 109
read(4, "TZif2\0\0\0\0\0\0\0\0\0\0\0\0\0\0\0\0\0\0\0\0\0\0\0\0\0\0\0"..., 4096) = 137
close(4)                                = 0
write(1, "Last accessed Sun Jun 29 16:45:0"..., 39) = 39
exit_group(0)                           = ?
+++ exited with 0 +++
